  [1m[35m (0.7ms)[0m  [1m[35mCREATE DATABASE "music_mastery_development" ENCODING = 'unicode'[0m
  [1m[35m (0.7ms)[0m  [1m[35mCREATE DATABASE "music_mastery_test" ENCODING = 'unicode'[0m
  [1m[35m (1.4ms)[0m  [1m[34mSELECT "schema_migrations"."version" FROM "schema_migrations" ORDER BY "schema_migrations"."version" ASC[0m
  [1m[35m (0.4ms)[0m  [1m[34mSELECT "ar_internal_metadata"."value" FROM "ar_internal_metadata" WHERE "ar_internal_metadata"."key" = $1[0m  [["key", "environment"]]
  [1m[35m (0.4ms)[0m  [1m[34mSELECT "schema_migrations"."version" FROM "schema_migrations" ORDER BY "schema_migrations"."version" ASC[0m
  [1m[35m (0.3ms)[0m  [1m[34mSELECT "ar_internal_metadata"."value" FROM "ar_internal_metadata" WHERE "ar_internal_metadata"."key" = $1[0m  [["key", "environment"]]
  [1m[35m (0.2ms)[0m  [1m[34mSELECT "schema_migrations"."version" FROM "schema_migrations" ORDER BY "schema_migrations"."version" ASC[0m
  [1m[35m (0.3ms)[0m  [1m[34mSELECT "ar_internal_metadata"."value" FROM "ar_internal_metadata" WHERE "ar_internal_metadata"."key" = $1[0m  [["key", "environment"]]
  [1m[35m (0.5ms)[0m  [1m[34mSELECT pg_try_advisory_lock(1930276190058435135)[0m
  [1m[35m (0.8ms)[0m  [1m[34mSELECT "schema_migrations"."version" FROM "schema_migrations" ORDER BY "schema_migrations"."version" ASC[0m
Migrating to CreateMusicians (20191030033053)
  [1m[35m (0.2ms)[0m  [1m[35mBEGIN[0m
  [1m[35m (169.3ms)[0m  [1m[35mCREATE TABLE "musicians" ("id" bigserial primary key, "user_name" character varying, "email" character varying, "password_digest" character varying, "created_at" timestamp(6) NOT NULL, "updated_at" timestamp(6) NOT NULL)[0m
  [1m[35m (0.4ms)[0m  [1m[31mROLLBACK[0m
  [1m[35m (0.3ms)[0m  [1m[34mSELECT pg_advisory_unlock(1930276190058435135)[0m
  [1m[35m (0.6ms)[0m  [1m[35mCREATE DATABASE "music_mastery_development" ENCODING = 'unicode'[0m
  [1m[35m (0.5ms)[0m  [1m[35mCREATE DATABASE "music_mastery_test" ENCODING = 'unicode'[0m
  [1m[35m (318.8ms)[0m  [1m[35mDROP DATABASE IF EXISTS "music_mastery_development"[0m
  [1m[35m (316.4ms)[0m  [1m[35mDROP DATABASE IF EXISTS "music_mastery_test"[0m
  [1m[35m (870.8ms)[0m  [1m[35mCREATE DATABASE "music_mastery_development" ENCODING = 'unicode'[0m
  [1m[35m (857.9ms)[0m  [1m[35mCREATE DATABASE "music_mastery_test" ENCODING = 'unicode'[0m
  [1m[35m (99.4ms)[0m  [1m[35mCREATE TABLE "schema_migrations" ("version" character varying NOT NULL PRIMARY KEY)[0m
  [1m[35m (87.4ms)[0m  [1m[35mCREATE TABLE "ar_internal_metadata" ("key" character varying NOT NULL PRIMARY KEY, "value" character varying, "created_at" timestamp(6) NOT NULL, "updated_at" timestamp(6) NOT NULL)[0m
  [1m[35m (0.3ms)[0m  [1m[34mSELECT pg_try_advisory_lock(1930276190058435135)[0m
  [1m[35m (0.9ms)[0m  [1m[34mSELECT "schema_migrations"."version" FROM "schema_migrations" ORDER BY "schema_migrations"."version" ASC[0m
Migrating to CreateMusicians (20191030033053)
  [1m[35m (0.2ms)[0m  [1m[35mBEGIN[0m
  [1m[35m (63.4ms)[0m  [1m[35mCREATE TABLE "musicians" ("id" bigserial primary key, "user_name" character varying, "email" character varying, "password_digest" character varying, "created_at" timestamp(6) NOT NULL, "updated_at" timestamp(6) NOT NULL)[0m
  [1m[36mprimary::SchemaMigration Create (1.0ms)[0m  [1m[32mINSERT INTO "schema_migrations" ("version") VALUES ($1) RETURNING "version"[0m  [["version", "20191030033053"]]
  [1m[35m (14.5ms)[0m  [1m[35mCOMMIT[0m
Migrating to CreatePieces (20191030033447)
  [1m[35m (0.3ms)[0m  [1m[35mBEGIN[0m
  [1m[35m (73.5ms)[0m  [1m[35mCREATE TABLE "pieces" ("id" bigserial primary key, "title" character varying, "key_signature" character varying, "time_signature" character varying, "difficulty" integer, "tempo" character varying, "transposition" character varying, "created_at" timestamp(6) NOT NULL, "updated_at" timestamp(6) NOT NULL)[0m
  [1m[36mprimary::SchemaMigration Create (0.4ms)[0m  [1m[32mINSERT INTO "schema_migrations" ("version") VALUES ($1) RETURNING "version"[0m  [["version", "20191030033447"]]
  [1m[35m (14.8ms)[0m  [1m[35mCOMMIT[0m
Migrating to CreateMasteryTracks (20191030033741)
  [1m[35m (0.3ms)[0m  [1m[35mBEGIN[0m
  [1m[35m (49.5ms)[0m  [1m[35mCREATE TABLE "mastery_tracks" ("id" bigserial primary key, "tempo_level" integer, "tempo_goal" integer, "instrument_id" integer, "piece_id" integer, "created_at" timestamp(6) NOT NULL, "updated_at" timestamp(6) NOT NULL)[0m
  [1m[36mprimary::SchemaMigration Create (0.4ms)[0m  [1m[32mINSERT INTO "schema_migrations" ("version") VALUES ($1) RETURNING "version"[0m  [["version", "20191030033741"]]
  [1m[35m (14.2ms)[0m  [1m[35mCOMMIT[0m
Migrating to CreateInstruments (20191030034458)
  [1m[35m (0.3ms)[0m  [1m[35mBEGIN[0m
  [1m[35m (100.3ms)[0m  [1m[35mCREATE TABLE "instruments" ("id" bigserial primary key, "instrument_type" character varying, "instrument_category" character varying, "tuning" character varying DEFAULT 'c', "musician_id" integer, "created_at" timestamp(6) NOT NULL, "updated_at" timestamp(6) NOT NULL)[0m
  [1m[36mprimary::SchemaMigration Create (0.4ms)[0m  [1m[32mINSERT INTO "schema_migrations" ("version") VALUES ($1) RETURNING "version"[0m  [["version", "20191030034458"]]
  [1m[35m (13.3ms)[0m  [1m[35mCOMMIT[0m
  [1m[36mActiveRecord::InternalMetadata Load (0.4ms)[0m  [1m[34mSELECT "ar_internal_metadata".* FROM "ar_internal_metadata" WHERE "ar_internal_metadata"."key" = $1 LIMIT $2[0m  [["key", "environment"], ["LIMIT", 1]]
  [1m[35m (0.2ms)[0m  [1m[35mBEGIN[0m
  [1m[36mActiveRecord::InternalMetadata Create (0.5ms)[0m  [1m[32mINSERT INTO "ar_internal_metadata" ("key", "value", "created_at", "updated_at") VALUES ($1, $2, $3, $4) RETURNING "key"[0m  [["key", "environment"], ["value", "development"], ["created_at", "2019-10-30 03:51:59.321172"], ["updated_at", "2019-10-30 03:51:59.321172"]]
  [1m[35m (2.9ms)[0m  [1m[35mCOMMIT[0m
  [1m[35m (0.3ms)[0m  [1m[34mSELECT pg_advisory_unlock(1930276190058435135)[0m
  [1m[35m (0.7ms)[0m  [1m[34mSELECT "schema_migrations"."version" FROM "schema_migrations" ORDER BY "schema_migrations"."version" ASC[0m
  [1m[36mMusician Load (0.7ms)[0m  [1m[34mSELECT "musicians".* FROM "musicians"[0m
  [1m[36mInstrument Load (0.7ms)[0m  [1m[34mSELECT "instruments".* FROM "instruments"[0m
  [1m[35m (0.4ms)[0m  [1m[35mBEGIN[0m
  [1m[35m (0.8ms)[0m  [1m[31mROLLBACK[0m
